<?xml version="1.0" encoding="UTF-8"?>
<!-- Generated by org.testng.reporters.JUnitXMLReporter -->
<testsuite hostname="DESKTOP-4H2CDN2" name="Run test on ie browser" tests="6" failures="0" timestamp="14 Jul 2019 01:02:32 GMT" time="6.349" errors="0">
  <testcase name="@BeforeClass beforeClass" time="0.0" classname="com.liveguru.backend.Invoices">
    <failure type="io.github.bonigarcia.wdm.WebDriverManagerException" message="io.github.bonigarcia.wdm.WebDriverManagerException: IEDriverServer 3.9.1 for WIN32 not found in https://selenium-release.storage.googleapis.com/">
      <![CDATA[io.github.bonigarcia.wdm.WebDriverManagerException: io.github.bonigarcia.wdm.WebDriverManagerException: IEDriverServer 3.9.1 for WIN32 not found in https://selenium-release.storage.googleapis.com/
	at io.github.bonigarcia.wdm.WebDriverManager.handleException(WebDriverManager.java:689)
	at io.github.bonigarcia.wdm.WebDriverManager.manage(WebDriverManager.java:521)
	at io.github.bonigarcia.wdm.WebDriverManager.handleException(WebDriverManager.java:686)
	at io.github.bonigarcia.wdm.WebDriverManager.manage(WebDriverManager.java:521)
	at io.github.bonigarcia.wdm.WebDriverManager.setup(WebDriverManager.java:251)
	at com.liveguru.commons.AbstractTest.openBrowser(AbstractTest.java:45)
	at com.liveguru.backend.Invoices.beforeClass(Invoices.java:31)
Caused by: io.github.bonigarcia.wdm.WebDriverManagerException: IEDriverServer 3.9.1 for WIN32 not found in https://selenium-release.storage.googleapis.com/
	at io.github.bonigarcia.wdm.WebDriverManager.manage(WebDriverManager.java:514)
	... 29 more
... Removed 24 stack frames]]>
    </failure>
  </testcase> <!-- @BeforeClass beforeClass -->
  <testcase name="@AfterClass afterClass" time="0.0" classname="com.liveguru.backend.Invoices">
    <skipped/>
  </testcase> <!-- @AfterClass afterClass -->
  <testcase name="@BeforeClass beforeClass" time="0.0" classname="com.liveguru.backend.ReviewMechanism">
    <failure type="io.github.bonigarcia.wdm.WebDriverManagerException" message="io.github.bonigarcia.wdm.WebDriverManagerException: IEDriverServer 3.9.1 for WIN32 not found in https://selenium-release.storage.googleapis.com/">
      <![CDATA[io.github.bonigarcia.wdm.WebDriverManagerException: io.github.bonigarcia.wdm.WebDriverManagerException: IEDriverServer 3.9.1 for WIN32 not found in https://selenium-release.storage.googleapis.com/
	at io.github.bonigarcia.wdm.WebDriverManager.handleException(WebDriverManager.java:689)
	at io.github.bonigarcia.wdm.WebDriverManager.manage(WebDriverManager.java:521)
	at io.github.bonigarcia.wdm.WebDriverManager.handleException(WebDriverManager.java:686)
	at io.github.bonigarcia.wdm.WebDriverManager.manage(WebDriverManager.java:521)
	at io.github.bonigarcia.wdm.WebDriverManager.setup(WebDriverManager.java:251)
	at com.liveguru.commons.AbstractTest.openBrowser(AbstractTest.java:45)
	at com.liveguru.backend.ReviewMechanism.beforeClass(ReviewMechanism.java:40)
Caused by: io.github.bonigarcia.wdm.WebDriverManagerException: IEDriverServer 3.9.1 for WIN32 not found in https://selenium-release.storage.googleapis.com/
	at io.github.bonigarcia.wdm.WebDriverManager.manage(WebDriverManager.java:514)
	... 29 more
... Removed 24 stack frames]]>
    </failure>
  </testcase> <!-- @BeforeClass beforeClass -->
  <testcase name="@BeforeClass beforeClass" time="0.0" classname="com.liveguru.backend.Sorting">
    <failure type="io.github.bonigarcia.wdm.WebDriverManagerException" message="io.github.bonigarcia.wdm.WebDriverManagerException: IEDriverServer 3.9.1 for WIN32 not found in https://selenium-release.storage.googleapis.com/">
      <![CDATA[io.github.bonigarcia.wdm.WebDriverManagerException: io.github.bonigarcia.wdm.WebDriverManagerException: IEDriverServer 3.9.1 for WIN32 not found in https://selenium-release.storage.googleapis.com/
	at io.github.bonigarcia.wdm.WebDriverManager.handleException(WebDriverManager.java:689)
	at io.github.bonigarcia.wdm.WebDriverManager.manage(WebDriverManager.java:521)
	at io.github.bonigarcia.wdm.WebDriverManager.handleException(WebDriverManager.java:686)
	at io.github.bonigarcia.wdm.WebDriverManager.manage(WebDriverManager.java:521)
	at io.github.bonigarcia.wdm.WebDriverManager.setup(WebDriverManager.java:251)
	at com.liveguru.commons.AbstractTest.openBrowser(AbstractTest.java:45)
	at com.liveguru.backend.Sorting.beforeClass(Sorting.java:31)
Caused by: io.github.bonigarcia.wdm.WebDriverManagerException: IEDriverServer 3.9.1 for WIN32 not found in https://selenium-release.storage.googleapis.com/
	at io.github.bonigarcia.wdm.WebDriverManager.manage(WebDriverManager.java:514)
	... 29 more
... Removed 24 stack frames]]>
    </failure>
  </testcase> <!-- @BeforeClass beforeClass -->
  <testcase name="@AfterClass afterClass" time="0.0" classname="com.liveguru.backend.Sorting">
    <skipped/>
  </testcase> <!-- @AfterClass afterClass -->
  <testcase name="@BeforeClass beforeClass" time="0.0" classname="com.liveguru.backend.Pagination">
    <failure type="io.github.bonigarcia.wdm.WebDriverManagerException" message="io.github.bonigarcia.wdm.WebDriverManagerException: IEDriverServer 3.9.1 for WIN32 not found in https://selenium-release.storage.googleapis.com/">
      <![CDATA[io.github.bonigarcia.wdm.WebDriverManagerException: io.github.bonigarcia.wdm.WebDriverManagerException: IEDriverServer 3.9.1 for WIN32 not found in https://selenium-release.storage.googleapis.com/
	at io.github.bonigarcia.wdm.WebDriverManager.handleException(WebDriverManager.java:689)
	at io.github.bonigarcia.wdm.WebDriverManager.manage(WebDriverManager.java:521)
	at io.github.bonigarcia.wdm.WebDriverManager.handleException(WebDriverManager.java:686)
	at io.github.bonigarcia.wdm.WebDriverManager.manage(WebDriverManager.java:521)
	at io.github.bonigarcia.wdm.WebDriverManager.setup(WebDriverManager.java:251)
	at com.liveguru.commons.AbstractTest.openBrowser(AbstractTest.java:45)
	at com.liveguru.backend.Pagination.beforeClass(Pagination.java:26)
Caused by: io.github.bonigarcia.wdm.WebDriverManagerException: IEDriverServer 3.9.1 for WIN32 not found in https://selenium-release.storage.googleapis.com/
	at io.github.bonigarcia.wdm.WebDriverManager.manage(WebDriverManager.java:514)
	... 29 more
... Removed 24 stack frames]]>
    </failure>
  </testcase> <!-- @BeforeClass beforeClass -->
  <testcase name="@AfterClass afterClass" time="0.0" classname="com.liveguru.backend.Pagination">
    <skipped/>
  </testcase> <!-- @AfterClass afterClass -->
  <testcase name="@BeforeClass beforeClass" time="0.0" classname="com.liveguru.backend.Search">
    <failure type="io.github.bonigarcia.wdm.WebDriverManagerException" message="io.github.bonigarcia.wdm.WebDriverManagerException: IEDriverServer 3.9.1 for WIN32 not found in https://selenium-release.storage.googleapis.com/">
      <![CDATA[io.github.bonigarcia.wdm.WebDriverManagerException: io.github.bonigarcia.wdm.WebDriverManagerException: IEDriverServer 3.9.1 for WIN32 not found in https://selenium-release.storage.googleapis.com/
	at io.github.bonigarcia.wdm.WebDriverManager.handleException(WebDriverManager.java:689)
	at io.github.bonigarcia.wdm.WebDriverManager.manage(WebDriverManager.java:521)
	at io.github.bonigarcia.wdm.WebDriverManager.handleException(WebDriverManager.java:686)
	at io.github.bonigarcia.wdm.WebDriverManager.manage(WebDriverManager.java:521)
	at io.github.bonigarcia.wdm.WebDriverManager.setup(WebDriverManager.java:251)
	at com.liveguru.commons.AbstractTest.openBrowser(AbstractTest.java:45)
	at com.liveguru.backend.Search.beforeClass(Search.java:36)
Caused by: io.github.bonigarcia.wdm.WebDriverManagerException: IEDriverServer 3.9.1 for WIN32 not found in https://selenium-release.storage.googleapis.com/
	at io.github.bonigarcia.wdm.WebDriverManager.manage(WebDriverManager.java:514)
	... 29 more
... Removed 24 stack frames]]>
    </failure>
  </testcase> <!-- @BeforeClass beforeClass -->
  <testcase name="@AfterClass afterClass" time="0.0" classname="com.liveguru.backend.Search">
    <skipped/>
  </testcase> <!-- @AfterClass afterClass -->
  <testcase name="@BeforeClass beforeClass" time="0.0" classname="com.liveguru.backend.Checkboxes">
    <failure type="io.github.bonigarcia.wdm.WebDriverManagerException" message="io.github.bonigarcia.wdm.WebDriverManagerException: IEDriverServer 3.9.1 for WIN32 not found in https://selenium-release.storage.googleapis.com/">
      <![CDATA[io.github.bonigarcia.wdm.WebDriverManagerException: io.github.bonigarcia.wdm.WebDriverManagerException: IEDriverServer 3.9.1 for WIN32 not found in https://selenium-release.storage.googleapis.com/
	at io.github.bonigarcia.wdm.WebDriverManager.handleException(WebDriverManager.java:689)
	at io.github.bonigarcia.wdm.WebDriverManager.manage(WebDriverManager.java:521)
	at io.github.bonigarcia.wdm.WebDriverManager.handleException(WebDriverManager.java:686)
	at io.github.bonigarcia.wdm.WebDriverManager.manage(WebDriverManager.java:521)
	at io.github.bonigarcia.wdm.WebDriverManager.setup(WebDriverManager.java:251)
	at com.liveguru.commons.AbstractTest.openBrowser(AbstractTest.java:45)
	at com.liveguru.backend.Checkboxes.beforeClass(Checkboxes.java:27)
Caused by: io.github.bonigarcia.wdm.WebDriverManagerException: IEDriverServer 3.9.1 for WIN32 not found in https://selenium-release.storage.googleapis.com/
	at io.github.bonigarcia.wdm.WebDriverManager.manage(WebDriverManager.java:514)
	... 29 more
... Removed 24 stack frames]]>
    </failure>
  </testcase> <!-- @BeforeClass beforeClass -->
  <testcase name="@AfterClass afterClass" time="0.0" classname="com.liveguru.backend.Checkboxes">
    <skipped/>
  </testcase> <!-- @AfterClass afterClass -->
  <testcase name="TC_01_InvoiceCanBePrinted" time="0.004" classname="com.liveguru.backend.Invoices">
    <skipped/>
  </testcase> <!-- TC_01_InvoiceCanBePrinted -->
  <testcase name="TC_02_ProductReviewMechanism" time="0.003" classname="com.liveguru.backend.ReviewMechanism">
    <skipped/>
  </testcase> <!-- TC_02_ProductReviewMechanism -->
  <testcase name="TC_03_VerifySortFunction" time="0.004" classname="com.liveguru.backend.Sorting">
    <skipped/>
  </testcase> <!-- TC_03_VerifySortFunction -->
  <testcase name="TC_04_CheckPagination" time="0.003" classname="com.liveguru.backend.Pagination">
    <skipped/>
  </testcase> <!-- TC_04_CheckPagination -->
  <testcase name="TC_05_SearchFunction" time="0.0" classname="com.liveguru.backend.Search">
    <skipped/>
  </testcase> <!-- TC_05_SearchFunction -->
  <testcase name="TC_06_CheckboxFunction" time="0.003" classname="com.liveguru.backend.Checkboxes">
    <skipped/>
  </testcase> <!-- TC_06_CheckboxFunction -->
</testsuite> <!-- Run test on ie browser -->
