<?xml version="1.0" encoding="UTF-8"?>
<testsuite name="Run test on ie browser"
           tests="2"
           failures="0"
           errors="0"
           skipped="0"
           time="8.206">
  <properties />
  
  
            <testcase name="TC_02_VerifyUserInformation" time="1.555" classname="com.liveguru.frontend.Global_RegisterToSystem" />
                <testcase name="TC_01_registerToSystemSuccessfully" time="6.651" classname="com.liveguru.frontend.Global_RegisterToSystem" />
      
</testsuite>
